#
# There is insufficient memory for the Java Runtime Environment to continue.
# Native memory allocation (malloc) failed to allocate 32744 bytes for ChunkPool::allocate
# Possible reasons:
#   The system is out of physical RAM or swap space
#   The process is running with CompressedOops enabled, and the Java Heap may be blocking the growth of the native heap
# Possible solutions:
#   Reduce memory load on the system
#   Increase physical memory or swap space
#   Check if swap backing store is full
#   Decrease Java heap size (-Xmx/-Xms)
#   Decrease number of Java threads
#   Decrease Java thread stack sizes (-Xss)
#   Set larger code cache with -XX:ReservedCodeCacheSize=
#   JVM is running with Unscaled Compressed Oops mode in which the Java heap is
#     placed in the first 4GB address space. The Java Heap base address is the
#     maximum limit for the native heap growth. Please use -XX:HeapBaseMinAddress
#     to set the Java Heap base and to place the Java Heap above 4GB virtual address.
# This output file may be truncated or incomplete.
#
#  Out of Memory Error (allocation.cpp:273), pid=6676, tid=0x0000000000001ffc
#
# JRE version: Java(TM) SE Runtime Environment (8.0_201-b09) (build 1.8.0_201-b09)
# Java VM: Java HotSpot(TM) 64-Bit Server VM (25.201-b09 mixed mode windows-amd64 compressed oops)
# Failed to write core dump. Minidumps are not enabled by default on client versions of Windows
#

---------------  T H R E A D  ---------------

Current thread (0x000000001535e800):  JavaThread "C2 CompilerThread2" daemon [_thread_in_native, id=8188, stack(0x0000000016c80000,0x0000000016d80000)]

Stack: [0x0000000016c80000,0x0000000016d80000]
[error occurred during error reporting (printing stack bounds), id 0xc0000005]

Native frames: (J=compiled Java code, j=interpreted, Vv=VM code, C=native code)


Current CompileTask:
C2:4410288 9933       4       org.gradle.internal.logging.text.AbstractLineChoppingStyledTextOutput$StateContext::flushEndLine (9 bytes)


---------------  P R O C E S S  ---------------

Java Threads: ( => current thread )
  0x000000001b6f0800 JavaThread "/127.0.0.1:57894 to /127.0.0.1:57895 workers Thread 4" [_thread_in_native, id=7912, stack(0x0000000024d90000,0x0000000024e90000)]
  0x000000001b6f0000 JavaThread "/127.0.0.1:57894 to /127.0.0.1:57895 workers Thread 3" [_thread_blocked, id=7448, stack(0x00000000244c0000,0x00000000245c0000)]
  0x000000001c1a8000 JavaThread "/127.0.0.1:57894 to /127.0.0.1:57895 workers Thread 2" [_thread_blocked, id=6076, stack(0x0000000024120000,0x0000000024220000)]
  0x000000001c1a5000 JavaThread "/127.0.0.1:57894 to /127.0.0.1:57895 workers" [_thread_blocked, id=2280, stack(0x0000000024ae0000,0x0000000024be0000)]
  0x000000001c1a7000 JavaThread "Exec process Thread 8" [_thread_in_native, id=4888, stack(0x0000000024960000,0x0000000024a60000)]
  0x000000001c1a6800 JavaThread "Exec process Thread 7" [_thread_in_native, id=6108, stack(0x0000000024620000,0x0000000024720000)]
  0x000000001c1a5800 JavaThread "Exec process Thread 6" [_thread_blocked, id=7024, stack(0x0000000024780000,0x0000000024880000)]
  0x000000001c1a4000 JavaThread "Exec process Thread 5" [_thread_in_native, id=7400, stack(0x0000000022620000,0x0000000022720000)]
  0x000000001c1a3800 JavaThread "Incoming local TCP Connector on port 57894" [_thread_blocked, id=4488, stack(0x00000000243b0000,0x00000000244b0000)]
  0x000000001c1a2800 JavaThread "Dispatch org.gradle.api.internal.tasks.testing.processors.RestartEveryNTestClassProcessor@455ecc96" [_thread_blocked, id=6524, stack(0x0000000024270000,0x0000000024370000)]
  0x000000001c1a2000 JavaThread "Dispatch org.gradle.api.internal.tasks.testing.results.AttachParentTestResultProcessor@3e646f36" [_thread_blocked, id=6296, stack(0x0000000024020000,0x0000000024120000)]
  0x000000001536d800 JavaThread "Cache worker for Java compile cache (C:\Development\Projects\tasks\.gradle\5.4.1\javaCompile)" [_thread_blocked, id=7492, stack(0x0000000022f40000,0x0000000023040000)]
  0x000000001536d000 JavaThread "Build operations Thread 8" [_thread_blocked, id=4288, stack(0x0000000023b00000,0x0000000023c00000)]
  0x000000001536a000 JavaThread "Build operations Thread 7" [_thread_blocked, id=5796, stack(0x0000000023a00000,0x0000000023b00000)]
  0x0000000015369000 JavaThread "Cache worker for execution history cache (C:\Development\Projects\tasks\.gradle\5.4.1\executionHistory)" [_thread_blocked, id=4676, stack(0x00000000223d0000,0x00000000224d0000)]
  0x000000001536c000 JavaThread "Execution worker for ':' Thread 7" [_thread_blocked, id=4048, stack(0x0000000022a30000,0x0000000022b30000)]
  0x000000001536b800 JavaThread "Execution worker for ':' Thread 6" [_thread_blocked, id=3464, stack(0x00000000228b0000,0x00000000229b0000)]
  0x000000001536a800 JavaThread "Execution worker for ':' Thread 5" [_thread_blocked, id=7712, stack(0x0000000022730000,0x0000000022830000)]
  0x0000000015367800 JavaThread "Execution worker for ':' Thread 4" [_thread_blocked, id=2812, stack(0x00000000224f0000,0x00000000225f0000)]
  0x000000001a1f7000 JavaThread "Execution worker for ':' Thread 3" [_thread_blocked, id=4220, stack(0x0000000022280000,0x0000000022380000)]
  0x000000001a1f6000 JavaThread "Execution worker for ':' Thread 2" [_thread_blocked, id=6672, stack(0x0000000021490000,0x0000000021590000)]
  0x000000001a1fa000 JavaThread "Execution worker for ':'" [_thread_blocked, id=6308, stack(0x0000000022010000,0x0000000022110000)]
  0x000000001a1f9000 JavaThread "Cache worker for file content cache (C:\Development\Projects\tasks\.gradle\5.4.1\fileContent)" [_thread_blocked, id=7700, stack(0x0000000022110000,0x0000000022210000)]
  0x000000001a1f7800 JavaThread "Cache worker for Build Output Cleanup Cache (C:\Development\Projects\tasks\.gradle\buildOutputCleanup)" [_thread_blocked, id=2968, stack(0x00000000210d0000,0x00000000211d0000)]
  0x000000001a1fa800 JavaThread "Build operations Thread 6" [_thread_blocked, id=4736, stack(0x0000000021810000,0x0000000021910000)]
  0x000000001a1f8800 JavaThread "Build operations Thread 5" [_thread_blocked, id=4228, stack(0x0000000020f70000,0x0000000021070000)]
  0x000000001a1f5800 JavaThread "Build operations Thread 4" [_thread_blocked, id=6320, stack(0x0000000019a60000,0x0000000019b60000)]
  0x000000001a1fb800 JavaThread "Build operations Thread 3" [_thread_blocked, id=8024, stack(0x0000000020e20000,0x0000000020f20000)]
  0x000000001a1ff000 JavaThread "Build operations Thread 2" [_thread_blocked, id=7916, stack(0x0000000020cf0000,0x0000000020df0000)]
  0x000000001a1fd000 JavaThread "Build operations" [_thread_blocked, id=7276, stack(0x0000000020bc0000,0x0000000020cc0000)]
  0x000000001a1fc000 JavaThread "Cache worker for cache directory md-rule (C:\Users\ganzes\.gradle\caches\5.4.1\md-rule)" [_thread_blocked, id=7336, stack(0x0000000020680000,0x0000000020780000)]
  0x000000001a418800 JavaThread "Cache worker for cache directory md-supplier (C:\Users\ganzes\.gradle\caches\5.4.1\md-supplier)" [_thread_blocked, id=2980, stack(0x0000000020a90000,0x0000000020b90000)]
  0x000000001a41b800 JavaThread "Cache worker for file hash cache (C:\Development\Projects\tasks\.gradle\5.4.1\fileHashes)" [_thread_blocked, id=7304, stack(0x000000001dd00000,0x000000001de00000)]
  0x000000001a417000 JavaThread "Thread-57" [_thread_blocked, id=7200, stack(0x0000000019e70000,0x0000000019f70000)]
  0x000000001a416800 JavaThread "Stdin handler" [_thread_blocked, id=1020, stack(0x000000001d8c0000,0x000000001d9c0000)]
  0x000000001a415800 JavaThread "Asynchronous log dispatcher for DefaultDaemonConnection: socket connection from /127.0.0.1:56962 to /127.0.0.1:57889" [_thread_blocked, id=7808, stack(0x0000000019840000,0x0000000019940000)]
  0x000000001a419800 JavaThread "Daemon worker Thread 2" [_thread_blocked, id=3080, stack(0x0000000019960000,0x0000000019a60000)]
  0x000000001a41a000 JavaThread "Cancel handler" [_thread_blocked, id=4948, stack(0x00000000194e0000,0x00000000195e0000)]
  0x000000001a41b000 JavaThread "Handler for socket connection from /127.0.0.1:56962 to /127.0.0.1:57889" [_thread_in_native, id=4504, stack(0x0000000019670000,0x0000000019770000)]
  0x000000001a418000 JavaThread "Daemon Thread 2" [_thread_blocked, id=6024, stack(0x00000000193a0000,0x00000000194a0000)]
  0x000000001a1fe800 JavaThread "Cache worker for Java compile cache (C:\Users\ganzes\.gradle\caches\5.4.1\javaCompile)" [_thread_blocked, id=5416, stack(0x0000000022e20000,0x0000000022f20000)]
  0x000000001a1f4800 JavaThread "Cache worker for file content cache (C:\Users\ganzes\.gradle\caches\5.4.1\fileContent)" [_thread_blocked, id=4576, stack(0x0000000021ac0000,0x0000000021bc0000)]
  0x000000001a1f4000 JavaThread "Memory manager" [_thread_blocked, id=4976, stack(0x0000000021920000,0x0000000021a20000)]
  0x0000000015368800 JavaThread "Cache worker for execution history cache (C:\Users\ganzes\.gradle\caches\5.4.1\executionHistory)" [_thread_blocked, id=6436, stack(0x000000001d750000,0x000000001d850000)]
  0x0000000015362800 JavaThread "Cache worker for journal cache (C:\Users\ganzes\.gradle\caches\journal-1)" [_thread_blocked, id=6256, stack(0x000000001b2b0000,0x000000001b3b0000)]
  0x0000000015361800 JavaThread "File lock request listener" [_thread_in_native, id=7844, stack(0x000000001b1b0000,0x000000001b2b0000)]
  0x0000000015361000 JavaThread "Cache worker for file hash cache (C:\Users\ganzes\.gradle\caches\5.4.1\fileHashes)" [_thread_blocked, id=7816, stack(0x000000001afe0000,0x000000001b0e0000)]
  0x00000000187cf000 JavaThread "Daemon periodic checks" [_thread_blocked, id=7612, stack(0x0000000019240000,0x0000000019340000)]
  0x0000000018284800 JavaThread "Incoming local TCP Connector on port 56962" [_thread_in_native, id=6776, stack(0x0000000019060000,0x0000000019160000)]
  0x00000000180dc800 JavaThread "Daemon health stats" [_thread_blocked, id=7880, stack(0x0000000018c10000,0x0000000018d10000)]
  0x00000000153f3000 JavaThread "Service Thread" daemon [_thread_blocked, id=5496, stack(0x0000000016f90000,0x0000000017090000)]
  0x000000001535f800 JavaThread "C1 CompilerThread3" daemon [_thread_blocked, id=3772, stack(0x0000000016e30000,0x0000000016f30000)]
=>0x000000001535e800 JavaThread "C2 CompilerThread2" daemon [_thread_in_native, id=8188, stack(0x0000000016c80000,0x0000000016d80000)]
  0x0000000015352800 JavaThread "C2 CompilerThread1" daemon [_thread_blocked, id=2204, stack(0x0000000016ab0000,0x0000000016bb0000)]
  0x000000001534c000 JavaThread "C2 CompilerThread0" daemon [_thread_blocked, id=7984, stack(0x00000000168a0000,0x00000000169a0000)]
  0x000000001534a800 JavaThread "Attach Listener" daemon [_thread_blocked, id=1512, stack(0x00000000169b0000,0x0000000016ab0000)]
  0x000000001429f800 JavaThread "Signal Dispatcher" daemon [_thread_blocked, id=7384, stack(0x00000000166e0000,0x00000000167e0000)]
  0x0000000014290800 JavaThread "Finalizer" daemon [_thread_blocked, id=4640, stack(0x0000000016290000,0x0000000016390000)]
  0x0000000014287000 JavaThread "Reference Handler" daemon [_thread_blocked, id=7524, stack(0x0000000016570000,0x0000000016670000)]
  0x000000000247f800 JavaThread "main" [_thread_blocked, id=6360, stack(0x0000000002730000,0x0000000002830000)]

Other Threads:
  0x00000000152f1800 VMThread [stack: 0x0000000016430000,0x0000000016530000] [id=4144]
  0x00000000153cb800 WatcherThread [stack: 0x0000000017130000,0x0000000017230000] [id=5716]

VM state:not at safepoint (normal execution)

VM Mutex/Monitor currently owned by a thread: None

heap address: 0x00000000e0000000, size: 512 MB, Compressed Oops mode: 32-bit
Narrow klass base: 0x0000000000000000, Narrow klass shift: 0
Compressed class space size: 1073741824 Address: 0x000000007fff0000

Heap:
 PSYoungGen      total 127488K, used 92445K [0x00000000f5580000, 0x0000000100000000, 0x0000000100000000)
  eden space 90624K, 77% used [0x00000000f5580000,0x00000000f99b69b8,0x00000000fae00000)
  from space 36864K, 61% used [0x00000000fdc00000,0x00000000ff210ac0,0x0000000100000000)
  to   space 41984K, 0% used [0x00000000fae00000,0x00000000fae00000,0x00000000fd700000)
 ParOldGen       total 175104K, used 64693K [0x00000000e0000000, 0x00000000eab00000, 0x00000000f5580000)
  object space 175104K, 36% used [0x00000000e0000000,0x00000000e3f2d4e8,0x00000000eab00000)
 Metaspace       used 53839K, capacity 55002K, committed 55208K, reserved 1097728K
  class space    used 7287K, capacity 7591K, committed 7600K, reserved 1048576K

Card table byte_map: [0x0000000002480000,0x0000000002590000] byte_map_base: 0x0000000001d80000

Marking Bits: (ParMarkBitMap*) 0x0000000064654ce0
 Begin Bits: [0x00000000128a0000, 0x00000000130a0000)
 End Bits:   [0x00000000130a0000, 0x00000000138a0000)

Polling page: 0x0000000000140000

CodeCache: size=245760Kb used=28090Kb max_used=28194Kb free=217669Kb
 bounds [0x0000000002830000, 0x00000000043e0000, 0x0000000011830000]
 total_blobs=9417 nmethods=8625 adapters=703
 compilation: enabled

Compilation events (10 events):
Event: 4407.408 Thread 0x0000000015352800 9931       4       org.gradle.internal.dispatch.MethodInvocation::<init> (25 bytes)
Event: 4407.408 Thread 0x000000001535f800 9932   !   3       sun.reflect.GeneratedMethodAccessor19::invoke (76 bytes)
Event: 4407.409 Thread 0x0000000015352800 nmethod 9931 0x0000000004139350 code [0x0000000004139480, 0x00000000041394f8]
Event: 4407.409 Thread 0x000000001535f800 nmethod 9932 0x00000000043d5a50 code [0x00000000043d5c60, 0x00000000043d6578]
Event: 4409.351 Thread 0x000000001535e800 9933       4       org.gradle.internal.logging.text.AbstractLineChoppingStyledTextOutput$StateContext::flushEndLine (9 bytes)
Event: 4409.351 Thread 0x000000001534c000 9934       4       org.gradle.internal.logging.text.AbstractLineChoppingStyledTextOutput$StateContext::reset (14 bytes)
Event: 4409.351 Thread 0x000000001535f800 9935       2       org.gradle.internal.logging.text.AbstractLineChoppingStyledTextOutput::access$700 (4 bytes)
Event: 4409.351 Thread 0x000000001535f800 nmethod 9935 0x00000000043d5750 code [0x00000000043d58a0, 0x00000000043d59d0]
Event: 4409.351 Thread 0x000000001534c000 nmethod 9934 0x00000000042033d0 code [0x0000000004203500, 0x0000000004203558]
Event: 4409.352 Thread 0x000000001535f800 9936       3       org.gradle.internal.logging.text.AbstractLineChoppingStyledTextOutput$1::execute (9 bytes)

GC Heap History (10 events):
Event: 4396.785 GC heap before
{Heap before GC invocations=12 (full 2):
 PSYoungGen      total 144896K, used 133025K [0x00000000f5580000, 0x0000000100000000, 0x0000000100000000)
  eden space 115200K, 100% used [0x00000000f5580000,0x00000000fc600000,0x00000000fc600000)
  from space 29696K, 60% used [0x00000000fc600000,0x00000000fd768510,0x00000000fe300000)
  to   space 29184K, 0% used [0x00000000fe380000,0x00000000fe380000,0x0000000100000000)
 ParOldGen       total 175104K, used 48322K [0x00000000e0000000, 0x00000000eab00000, 0x00000000f5580000)
  object space 175104K, 27% used [0x00000000e0000000,0x00000000e2f308a0,0x00000000eab00000)
 Metaspace       used 51448K, capacity 52500K, committed 52776K, reserved 1095680K
  class space    used 7075K, capacity 7359K, committed 7472K, reserved 1048576K
Event: 4396.800 GC heap after
Heap after GC invocations=12 (full 2):
 PSYoungGen      total 141312K, used 21929K [0x00000000f5580000, 0x00000000fff00000, 0x0000000100000000)
  eden space 113152K, 0% used [0x00000000f5580000,0x00000000f5580000,0x00000000fc400000)
  from space 28160K, 77% used [0x00000000fe380000,0x00000000ff8ea740,0x00000000fff00000)
  to   space 30208K, 0% used [0x00000000fc400000,0x00000000fc400000,0x00000000fe180000)
 ParOldGen       total 175104K, used 48330K [0x00000000e0000000, 0x00000000eab00000, 0x00000000f5580000)
  object space 175104K, 27% used [0x00000000e0000000,0x00000000e2f328a0,0x00000000eab00000)
 Metaspace       used 51448K, capacity 52500K, committed 52776K, reserved 1095680K
  class space    used 7075K, capacity 7359K, committed 7472K, reserved 1048576K
}
Event: 4397.412 GC heap before
{Heap before GC invocations=13 (full 2):
 PSYoungGen      total 141312K, used 135081K [0x00000000f5580000, 0x00000000fff00000, 0x0000000100000000)
  eden space 113152K, 100% used [0x00000000f5580000,0x00000000fc400000,0x00000000fc400000)
  from space 28160K, 77% used [0x00000000fe380000,0x00000000ff8ea740,0x00000000fff00000)
  to   space 30208K, 0% used [0x00000000fc400000,0x00000000fc400000,0x00000000fe180000)
 ParOldGen       total 175104K, used 48330K [0x00000000e0000000, 0x00000000eab00000, 0x00000000f5580000)
  object space 175104K, 27% used [0x00000000e0000000,0x00000000e2f328a0,0x00000000eab00000)
 Metaspace       used 51645K, capacity 52710K, committed 53032K, reserved 1095680K
  class space    used 7077K, capacity 7362K, committed 7472K, reserved 1048576K
Event: 4397.429 GC heap after
Heap after GC invocations=13 (full 2):
 PSYoungGen      total 140288K, used 26816K [0x00000000f5580000, 0x0000000100000000, 0x0000000100000000)
  eden space 113152K, 0% used [0x00000000f5580000,0x00000000f5580000,0x00000000fc400000)
  from space 27136K, 98% used [0x00000000fc400000,0x00000000fde302a8,0x00000000fde80000)
  to   space 33280K, 0% used [0x00000000fdf80000,0x00000000fdf80000,0x0000000100000000)
 ParOldGen       total 175104K, used 48338K [0x00000000e0000000, 0x00000000eab00000, 0x00000000f5580000)
  object space 175104K, 27% used [0x00000000e0000000,0x00000000e2f348a0,0x00000000eab00000)
 Metaspace       used 51645K, capacity 52710K, committed 53032K, reserved 1095680K
  class space    used 7077K, capacity 7362K, committed 7472K, reserved 1048576K
}
Event: 4398.605 GC heap before
{Heap before GC invocations=14 (full 2):
 PSYoungGen      total 140288K, used 139950K [0x00000000f5580000, 0x0000000100000000, 0x0000000100000000)
  eden space 113152K, 99% used [0x00000000f5580000,0x00000000fc3fb598,0x00000000fc400000)
  from space 27136K, 98% used [0x00000000fc400000,0x00000000fde302a8,0x00000000fde80000)
  to   space 33280K, 0% used [0x00000000fdf80000,0x00000000fdf80000,0x0000000100000000)
 ParOldGen       total 175104K, used 48338K [0x00000000e0000000, 0x00000000eab00000, 0x00000000f5580000)
  object space 175104K, 27% used [0x00000000e0000000,0x00000000e2f348a0,0x00000000eab00000)
 Metaspace       used 51879K, capacity 53080K, committed 53288K, reserved 1095680K
  class space    used 7086K, capacity 7373K, committed 7472K, reserved 1048576K
Event: 4398.624 GC heap after
Heap after GC invocations=14 (full 2):
 PSYoungGen      total 134144K, used 31114K [0x00000000f5580000, 0x0000000100000000, 0x0000000100000000)
  eden space 100864K, 0% used [0x00000000f5580000,0x00000000f5580000,0x00000000fb800000)
  from space 33280K, 93% used [0x00000000fdf80000,0x00000000ffde29f0,0x0000000100000000)
  to   space 36864K, 0% used [0x00000000fb800000,0x00000000fb800000,0x00000000fdc00000)
 ParOldGen       total 175104K, used 48346K [0x00000000e0000000, 0x00000000eab00000, 0x00000000f5580000)
  object space 175104K, 27% used [0x00000000e0000000,0x00000000e2f368a0,0x00000000eab00000)
 Metaspace       used 51879K, capacity 53080K, committed 53288K, reserved 1095680K
  class space    used 7086K, capacity 7373K, committed 7472K, reserved 1048576K
}
Event: 4399.431 GC heap before
{Heap before GC invocations=15 (full 2):
 PSYoungGen      total 134144K, used 131978K [0x00000000f5580000, 0x0000000100000000, 0x0000000100000000)
  eden space 100864K, 100% used [0x00000000f5580000,0x00000000fb800000,0x00000000fb800000)
  from space 33280K, 93% used [0x00000000fdf80000,0x00000000ffde29f0,0x0000000100000000)
  to   space 36864K, 0% used [0x00000000fb800000,0x00000000fb800000,0x00000000fdc00000)
 ParOldGen       total 175104K, used 48346K [0x00000000e0000000, 0x00000000eab00000, 0x00000000f5580000)
  object space 175104K, 27% used [0x00000000e0000000,0x00000000e2f368a0,0x00000000eab00000)
 Metaspace       used 53338K, capacity 54608K, committed 54696K, reserved 1095680K
  class space    used 7247K, capacity 7542K, committed 7600K, reserved 1048576K
Event: 4399.465 GC heap after
Heap after GC invocations=15 (full 2):
 PSYoungGen      total 137728K, used 36836K [0x00000000f5580000, 0x0000000100000000, 0x0000000100000000)
  eden space 100864K, 0% used [0x00000000f5580000,0x00000000f5580000,0x00000000fb800000)
  from space 36864K, 99% used [0x00000000fb800000,0x00000000fdbf9268,0x00000000fdc00000)
  to   space 36864K, 0% used [0x00000000fdc00000,0x00000000fdc00000,0x0000000100000000)
 ParOldGen       total 175104K, used 53699K [0x00000000e0000000, 0x00000000eab00000, 0x00000000f5580000)
  object space 175104K, 30% used [0x00000000e0000000,0x00000000e3470da0,0x00000000eab00000)
 Metaspace       used 53338K, capacity 54608K, committed 54696K, reserved 1095680K
  class space    used 7247K, capacity 7542K, committed 7600K, reserved 1048576K
}
Event: 4401.731 GC heap before
{Heap before GC invocations=16 (full 2):
 PSYoungGen      total 137728K, used 137692K [0x00000000f5580000, 0x0000000100000000, 0x0000000100000000)
  eden space 100864K, 99% used [0x00000000f5580000,0x00000000fb7fdf70,0x00000000fb800000)
  from space 36864K, 99% used [0x00000000fb800000,0x00000000fdbf9268,0x00000000fdc00000)
  to   space 36864K, 0% used [0x00000000fdc00000,0x00000000fdc00000,0x0000000100000000)
 ParOldGen       total 175104K, used 53699K [0x00000000e0000000, 0x00000000eab00000, 0x00000000f5580000)
  object space 175104K, 30% used [0x00000000e0000000,0x00000000e3470da0,0x00000000eab00000)
 Metaspace       used 53567K, capacity 54758K, committed 54952K, reserved 1097728K
  class space    used 7252K, capacity 7545K, committed 7600K, reserved 1048576K
Event: 4401.754 GC heap after
Heap after GC invocations=16 (full 2):
 PSYoungGen      total 127488K, used 22594K [0x00000000f5580000, 0x0000000100000000, 0x0000000100000000)
  eden space 90624K, 0% used [0x00000000f5580000,0x00000000f5580000,0x00000000fae00000)
  from space 36864K, 61% used [0x00000000fdc00000,0x00000000ff210ac0,0x0000000100000000)
  to   space 41984K, 0% used [0x00000000fae00000,0x00000000fae00000,0x00000000fd700000)
 ParOldGen       total 175104K, used 64693K [0x00000000e0000000, 0x00000000eab00000, 0x00000000f5580000)
  object space 175104K, 36% used [0x00000000e0000000,0x00000000e3f2d4e8,0x00000000eab00000)
 Metaspace       used 53567K, capacity 54758K, committed 54952K, reserved 1097728K
  class space    used 7252K, capacity 7545K, committed 7600K, reserved 1048576K
}

Deoptimization events (10 events):
Event: 4402.194 Thread 0x000000001a1fa000 Uncommon trap: reason=predicate action=maybe_recompile pc=0x000000000412786c method=java.util.ComparableTimSort.mergeHi(IIII)V @ 185
Event: 4402.207 Thread 0x000000001a1fa000 Uncommon trap: reason=predicate action=maybe_recompile pc=0x000000000412ed74 method=java.util.ComparableTimSort.mergeLo(IIII)V @ 147
Event: 4402.228 Thread 0x000000001a1fa000 Uncommon trap: reason=predicate action=maybe_recompile pc=0x000000000434ffd0 method=java.util.ComparableTimSort.mergeLo(IIII)V @ 147
Event: 4402.236 Thread 0x000000001a1fa000 Uncommon trap: reason=array_check action=maybe_recompile pc=0x0000000004358bdc method=java.util.ComparableTimSort.mergeHi(IIII)V @ 277
Event: 4402.236 Thread 0x000000001a1fa000 Uncommon trap: reason=array_check action=maybe_recompile pc=0x0000000004358bdc method=java.util.ComparableTimSort.mergeHi(IIII)V @ 277
Event: 4402.265 Thread 0x000000001a1fa000 Uncommon trap: reason=array_check action=maybe_recompile pc=0x000000000435b87c method=java.util.ComparableTimSort.mergeLo(IIII)V @ 207
Event: 4402.265 Thread 0x000000001a1fa000 Uncommon trap: reason=array_check action=maybe_recompile pc=0x000000000435b87c method=java.util.ComparableTimSort.mergeLo(IIII)V @ 207
Event: 4402.319 Thread 0x000000001a1fa000 Uncommon trap: reason=unstable_if action=reinterpret pc=0x00000000033ce34c method=java.util.LinkedHashMap.afterNodeInsertion(Z)V @ 18
Event: 4409.350 Thread 0x000000001c1a7000 Uncommon trap: reason=unstable_if action=reinterpret pc=0x0000000003252b94 method=org.gradle.internal.logging.text.AbstractLineChoppingStyledTextOutput$2.execute(Lorg/gradle/internal/logging/text/AbstractLineChoppingStyledTextOutput$StateContext;)V @ 30
Event: 4409.351 Thread 0x000000001c1a7000 Uncommon trap: reason=unstable_if action=reinterpret pc=0x0000000002c049b4 method=org.gradle.internal.logging.text.AbstractLineChoppingStyledTextOutput$2.execute(Lorg/gradle/internal/logging/text/AbstractLineChoppingStyledTextOutput$StateContext;)V @ 30

Classes redefined (0 events):
No events

Internal exceptions (10 events):
Event: 4399.296 Thread 0x000000001a1fa000 Exception <a 'java/lang/NullPointerException'> (0x00000000f9d94958) thrown at [C:\re\workspace\8-2-build-windows-amd64-cygwin\jdk8u201\12322\hotspot\src\share\vm\runtime\sharedRuntime.cpp, line 605]
Event: 4399.298 Thread 0x000000001a1fa000 NullPointerException at vtable entry 0x0000000002949017
Event: 4399.298 Thread 0x000000001a1fa000 Exception <a 'java/lang/NullPointerException'> (0x00000000f9db73c0) thrown at [C:\re\workspace\8-2-build-windows-amd64-cygwin\jdk8u201\12322\hotspot\src\share\vm\runtime\sharedRuntime.cpp, line 605]
Event: 4399.299 Thread 0x000000001a1fa000 NullPointerException at vtable entry 0x0000000002949017
Event: 4399.299 Thread 0x000000001a1fa000 Exception <a 'java/lang/NullPointerException'> (0x00000000f9dd98e8) thrown at [C:\re\workspace\8-2-build-windows-amd64-cygwin\jdk8u201\12322\hotspot\src\share\vm\runtime\sharedRuntime.cpp, line 605]
Event: 4402.210 Thread 0x000000001a1fa000 Exception <a 'java/io/FileNotFoundException'> (0x00000000f6f88168) thrown at [C:\re\workspace\8-2-build-windows-amd64-cygwin\jdk8u201\12322\hotspot\src\share\vm\prims\jni.cpp, line 709]
Event: 4402.216 Thread 0x000000001a1fa000 Exception <a 'java/io/FileNotFoundException'> (0x00000000f6fb9458) thrown at [C:\re\workspace\8-2-build-windows-amd64-cygwin\jdk8u201\12322\hotspot\src\share\vm\prims\jni.cpp, line 709]
Event: 4402.417 Thread 0x000000001c1a2800 Exception <a 'java/lang/NoSuchMethodError': <clinit>> (0x00000000f98699a8) thrown at [C:\re\workspace\8-2-build-windows-amd64-cygwin\jdk8u201\12322\hotspot\src\share\vm\prims\jni.cpp, line 1613]
Event: 4402.418 Thread 0x000000001c1a2800 Exception <a 'java/lang/NoSuchMethodError': <clinit>> (0x00000000f987bbc8) thrown at [C:\re\workspace\8-2-build-windows-amd64-cygwin\jdk8u201\12322\hotspot\src\share\vm\prims\jni.cpp, line 1613]
Event: 4402.418 Thread 0x000000001c1a2800 Exception <a 'java/lang/NoSuchMethodError': <clinit>> (0x00000000f9880960) thrown at [C:\re\workspace\8-2-build-windows-amd64-cygwin\jdk8u201\12322\hotspot\src\share\vm\prims\jni.cpp, line 1613]

Events (10 events):
Event: 4409.351 Thread 0x000000001535f800 flushing nmethod 0x0000000002965110
Event: 4409.351 Thread 0x000000001535f800 flushing nmethod 0x000000000298f510
Event: 4409.351 Thread 0x000000001535f800 flushing nmethod 0x000000000299e490
Event: 4409.351 Thread 0x000000001535f800 flushing nmethod 0x00000000029a1210
Event: 4409.351 Thread 0x000000001535f800 flushing nmethod 0x00000000029b2850
Event: 4409.351 Thread 0x000000001535f800 flushing nmethod 0x00000000029f1a50
Event: 4409.351 Thread 0x000000001535f800 flushing nmethod 0x00000000029f24d0
Event: 4409.352 Thread 0x000000001535f800 flushing nmethod 0x0000000002a21890
Event: 4409.352 Thread 0x000000001535f800 flushing nmethod 0x0000000002a3a4d0
Event: 4409.352 Thread 0x000000001535f800 flushing nmethod 0x0000000002a3e650


Dynamic libraries:
0x000000013f9c0000 - 0x000000013f9f7000 	C:\Program Files\Java\jdk1.8.0_201\bin\java.exe
0x0000000077ca0000 - 0x0000000077e49000 	C:\Windows\SYSTEM32\ntdll.dll
0x000007feef110000 - 0x000007feef122000 	C:\Program Files\AVAST Software\Avast\aswhook.dll
0x0000000077a80000 - 0x0000000077b9f000 	C:\Windows\system32\kernel32.dll
0x000007fefdca0000 - 0x000007fefdd0b000 	C:\Windows\system32\KERNELBASE.dll
0x000007feffb70000 - 0x000007feffc4b000 	C:\Windows\system32\ADVAPI32.dll
0x000007feff750000 - 0x000007feff7ef000 	C:\Windows\system32\msvcrt.dll
0x000007fefe2c0000 - 0x000007fefe2df000 	C:\Windows\SYSTEM32\sechost.dll
0x000007feffa30000 - 0x000007feffb5d000 	C:\Windows\system32\RPCRT4.dll
0x0000000077ba0000 - 0x0000000077c9a000 	C:\Windows\system32\USER32.dll
0x000007fefe250000 - 0x000007fefe2b7000 	C:\Windows\system32\GDI32.dll
0x000007feff890000 - 0x000007feff89e000 	C:\Windows\system32\LPK.dll
0x000007feffc50000 - 0x000007feffd19000 	C:\Windows\system32\USP10.dll
0x000007fefc640000 - 0x000007fefc834000 	C:\Windows\WinSxS\amd64_microsoft.windows.common-controls_6595b64144ccf1df_6.0.7601.17514_none_fa396087175ac9ac\COMCTL32.dll
0x000007fefff30000 - 0x000007fefffa1000 	C:\Windows\system32\SHLWAPI.dll
0x000007fefff00000 - 0x000007fefff2e000 	C:\Windows\system32\IMM32.DLL
0x000007feff090000 - 0x000007feff199000 	C:\Windows\system32\MSCTF.dll
0x000007fefdbc0000 - 0x000007fefdbf0000 	C:\Windows\system32\nvinitx.dll
0x000007fefdbb0000 - 0x000007fefdbbc000 	C:\Windows\system32\VERSION.dll
0x0000000073f40000 - 0x0000000073f46000 	C:\Program Files\NVIDIA Corporation\CoProcManager\detoured.dll
0x000007fef7270000 - 0x000007fef72a8000 	C:\Program Files\NVIDIA Corporation\CoProcManager\nvd3d9wrapx.dll
0x000007feffd20000 - 0x000007feffef7000 	C:\Windows\system32\SETUPAPI.dll
0x000007fefdf80000 - 0x000007fefdfb6000 	C:\Windows\system32\CFGMGR32.dll
0x000007feff8f0000 - 0x000007feff9c7000 	C:\Windows\system32\OLEAUT32.dll
0x000007fefe040000 - 0x000007fefe243000 	C:\Windows\system32\ole32.dll
0x000007fefdf60000 - 0x000007fefdf7a000 	C:\Windows\system32\DEVOBJ.dll
0x000007fef7240000 - 0x000007fef7264000 	C:\Program Files\NVIDIA Corporation\CoProcManager\nvdxgiwrapx.dll
0x0000000075040000 - 0x0000000075111000 	C:\Program Files\Java\jdk1.8.0_201\jre\bin\msvcr100.dll
0x0000000063e30000 - 0x00000000646d4000 	C:\Program Files\Java\jdk1.8.0_201\jre\bin\server\jvm.dll
0x000007fefab60000 - 0x000007fefab69000 	C:\Windows\system32\WSOCK32.dll
0x000007feff8a0000 - 0x000007feff8ed000 	C:\Windows\system32\WS2_32.dll
0x000007feffb60000 - 0x000007feffb68000 	C:\Windows\system32\NSI.dll
0x000007fef9790000 - 0x000007fef97cb000 	C:\Windows\system32\WINMM.dll
0x0000000077e70000 - 0x0000000077e77000 	C:\Windows\system32\PSAPI.DLL
0x000007fef5340000 - 0x000007fef534f000 	C:\Program Files\Java\jdk1.8.0_201\jre\bin\verify.dll
0x000007fef3240000 - 0x000007fef3269000 	C:\Program Files\Java\jdk1.8.0_201\jre\bin\java.dll
0x000007fef3f30000 - 0x000007fef3f46000 	C:\Program Files\Java\jdk1.8.0_201\jre\bin\zip.dll
0x000007fefe2e0000 - 0x000007feff068000 	C:\Windows\system32\SHELL32.dll
0x000007fefdbf0000 - 0x000007fefdbff000 	C:\Windows\system32\profapi.dll
0x000007fef3370000 - 0x000007fef338a000 	C:\Program Files\Java\jdk1.8.0_201\jre\bin\net.dll
0x000007feff1a0000 - 0x000007feff318000 	C:\Windows\system32\urlmon.dll
0x000007feff320000 - 0x000007feff44a000 	C:\Windows\system32\WININET.dll
0x000007feff4f0000 - 0x000007feff749000 	C:\Windows\system32\iertutil.dll
0x000007fefdd10000 - 0x000007fefde7d000 	C:\Windows\system32\CRYPT32.dll
0x00000000001b0000 - 0x00000000001bf000 	C:\Windows\system32\MSASN1.dll
0x000007fefd420000 - 0x000007fefd475000 	C:\Windows\system32\mswsock.dll
0x000007fefd410000 - 0x000007fefd417000 	C:\Windows\System32\wship6.dll
0x000007fef3220000 - 0x000007fef3231000 	C:\Program Files\Java\jdk1.8.0_201\jre\bin\nio.dll
0x000007fef2cb0000 - 0x000007fef2cd6000 	C:\Users\ganzes\.gradle\native\29\windows-amd64\native-platform.dll
0x000007fef7790000 - 0x000007fef7793000 	C:\Windows\system32\api-ms-win-core-synch-l1-2-0.DLL
0x000007fef5080000 - 0x000007fef508d000 	C:\Program Files\Java\jdk1.8.0_201\jre\bin\management.dll
0x000007fefd480000 - 0x000007fefd498000 	C:\Windows\system32\CRYPTSP.dll
0x000007fefd140000 - 0x000007fefd187000 	C:\Windows\system32\rsaenh.dll
0x000007fefcea0000 - 0x000007fefcebe000 	C:\Windows\system32\USERENV.dll
0x000007fefdae0000 - 0x000007fefdaef000 	C:\Windows\system32\CRYPTBASE.dll
0x000007fefb5d0000 - 0x000007fefb5f7000 	C:\Windows\system32\IPHLPAPI.DLL
0x000007fefb5b0000 - 0x000007fefb5bb000 	C:\Windows\system32\WINNSI.DLL
0x000007fefb430000 - 0x000007fefb448000 	C:\Windows\system32\dhcpcsvc.DLL
0x000007fefaf20000 - 0x000007fefaf31000 	C:\Windows\system32\dhcpcsvc6.DLL
0x000007fefda80000 - 0x000007fefdad7000 	C:\Windows\system32\apphelp.dll
0x000007fefba90000 - 0x000007fefbaa5000 	C:\Windows\system32\NLAapi.dll
0x000007fef2fd0000 - 0x000007fef2fe5000 	C:\Windows\system32\napinsp.dll
0x000007fef2fb0000 - 0x000007fef2fc9000 	C:\Windows\system32\pnrpnsp.dll
0x000007fefd260000 - 0x000007fefd2bb000 	C:\Windows\system32\DNSAPI.dll
0x000007fef2f90000 - 0x000007fef2f9b000 	C:\Windows\System32\winrnr.dll
0x000007fef2f60000 - 0x000007fef2f8f000 	C:\Program Files\Common Files\Microsoft Shared\Windows Live\WLIDNSP.DLL
0x000007fef2f50000 - 0x000007fef2f60000 	C:\Windows\system32\wshbth.dll
0x000007fefcd90000 - 0x000007fefcd97000 	C:\Windows\System32\wshtcpip.dll
0x000007fefbeb0000 - 0x000007fefbeb8000 	C:\Windows\system32\rasadhlp.dll
0x000007fefb260000 - 0x000007fefb2b3000 	C:\Windows\System32\fwpuclnt.dll

VM Arguments:
jvm_args: -XX:MaxMetaspaceSize=256m -XX:+HeapDumpOnOutOfMemoryError -Xms256m -Xmx512m -Dfile.encoding=windows-1250 -Duser.country=US -Duser.language=en -Duser.variant 
java_command: org.gradle.launcher.daemon.bootstrap.GradleDaemon 5.4.1
java_class_path (initial): C:\Users\ganzes\.gradle\wrapper\dists\gradle-5.4.1-bin\e75iq110yv9r9wt1a6619x2xm\gradle-5.4.1\lib\gradle-launcher-5.4.1.jar
Launcher Type: SUN_STANDARD

Environment Variables:
JAVA_HOME=C:\Program Files\Java\jdk1.8.0_201\
CLASSPATH=C:\Development\Projects\tasks\\gradle\wrapper\gradle-wrapper.jar
PATH=C:\Program Files\Java\jdk1.8.0_201\bin;C:\Program Files\Common Files\Microsoft Shared\Windows Live;C:\Program Files (x86)\Common Files\Microsoft Shared\Windows Live;C:\ProgramData\Oracle\Java\javapath;C:\Windows\system32;C:\Windows;C:\Windows\System32\Wbem;C:\Windows\System32\WindowsPowerShell\v1.0\;C:\Program Files (x86)\Intel\OpenCL SDK\2.0\bin\x86;C:\Program Files (x86)\Intel\OpenCL SDK\2.0\bin\x64;C:\Program Files\Intel\WiFi\bin\;C:\Program Files\Common Files\Intel\WirelessCommon\;C:\Program Files (x86)\NVIDIA Corporation\PhysX\Common;C:\Program Files (x86)\Windows Live\Shared;C:\Program Files\Git\cmd;C:\Program Files\Git\mingw64\bin;C:\Program Files\Git\usr\bin;C:\Program Files\MySQL\MySQL Shell 8.0\bin\;C:\Program Files\heroku\bin
USERNAME=ganzes
OS=Windows_NT
PROCESSOR_IDENTIFIER=Intel64 Family 6 Model 58 Stepping 9, GenuineIntel



---------------  S Y S T E M  ---------------

OS: Windows 7 , 64 bit Build 7601 (6.1.7601.18015)

CPU:total 8 (initial active 8) (4 cores per cpu, 2 threads per core) family 6 model 58 stepping 9, cmov, cx8, fxsr, mmx, sse, sse2, sse3, ssse3, sse4.1, sse4.2, popcnt, avx, aes, clmul, erms, ht, tsc, tscinvbit, tscinv

Memory: 4k page, physical 8283084k(253240k free), swap 9518232k(5032k free)

vm_info: Java HotSpot(TM) 64-Bit Server VM (25.201-b09) for windows-amd64 JRE (1.8.0_201-b09), built on Dec 15 2018 18:36:39 by "java_re" with MS VC++ 10.0 (VS2010)

time: Fri Aug 30 03:04:26 2019
timezone: Central European Daylight Time
elapsed time: 4409 seconds (0d 1h 13m 29s)

