#
# There is insufficient memory for the Java Runtime Environment to continue.
# Native memory allocation (malloc) failed to allocate 300176 bytes for Chunk::new
# Possible reasons:
#   The system is out of physical RAM or swap space
#   The process is running with CompressedOops enabled, and the Java Heap may be blocking the growth of the native heap
# Possible solutions:
#   Reduce memory load on the system
#   Increase physical memory or swap space
#   Check if swap backing store is full
#   Decrease Java heap size (-Xmx/-Xms)
#   Decrease number of Java threads
#   Decrease Java thread stack sizes (-Xss)
#   Set larger code cache with -XX:ReservedCodeCacheSize=
#   JVM is running with Unscaled Compressed Oops mode in which the Java heap is
#     placed in the first 4GB address space. The Java Heap base address is the
#     maximum limit for the native heap growth. Please use -XX:HeapBaseMinAddress
#     to set the Java Heap base and to place the Java Heap above 4GB virtual address.
# This output file may be truncated or incomplete.
#
#  Out of Memory Error (allocation.cpp:390), pid=7024, tid=0x0000000000001bf4
#
# JRE version: Java(TM) SE Runtime Environment (8.0_201-b09) (build 1.8.0_201-b09)
# Java VM: Java HotSpot(TM) 64-Bit Server VM (25.201-b09 mixed mode windows-amd64 compressed oops)
# Failed to write core dump. Minidumps are not enabled by default on client versions of Windows
#

---------------  T H R E A D  ---------------

Current thread (0x00000000154a3800):  JavaThread "C2 CompilerThread1" daemon [_thread_in_native, id=7156, stack(0x0000000016e10000,0x0000000016f10000)]

Stack: [0x0000000016e10000,0x0000000016f10000]
[error occurred during error reporting (printing stack bounds), id 0xc0000005]

Native frames: (J=compiled Java code, j=interpreted, Vv=VM code, C=native code)


Current CompileTask:
C2:   8891 4397   !   4       org.springframework.core.annotation.AnnotatedElementUtils::searchWithFindSemantics (774 bytes)


---------------  P R O C E S S  ---------------

Java Threads: ( => current thread )
  0x000000001e74a000 JavaThread "HikariPool-1 connection adder" daemon [_thread_blocked, id=5768, stack(0x000000001fe20000,0x000000001ff20000)]
  0x000000001e749000 JavaThread "HikariPool-1 housekeeper" daemon [_thread_blocked, id=5224, stack(0x0000000019e30000,0x0000000019f30000)]
  0x000000001e747800 JavaThread "mysql-cj-abandoned-connection-cleanup" daemon [_thread_blocked, id=3408, stack(0x000000001a000000,0x000000001a100000)]
  0x0000000017ba5000 JavaThread "/127.0.0.1:57918 to /127.0.0.1:57917 workers Thread 3" [_thread_in_native, id=6500, stack(0x00000000190b0000,0x00000000191b0000)]
  0x0000000017ba2000 JavaThread "/127.0.0.1:57918 to /127.0.0.1:57917 workers Thread 2" [_thread_blocked, id=1788, stack(0x0000000018e10000,0x0000000018f10000)]
  0x0000000017fbb800 JavaThread "Test worker" [_thread_in_vm, id=6548, stack(0x00000000171b0000,0x00000000172b0000)]
  0x000000001553f000 JavaThread "Service Thread" daemon [_thread_blocked, id=6632, stack(0x0000000016f20000,0x0000000017020000)]
  0x00000000154a9800 JavaThread "C1 CompilerThread3" daemon [_thread_blocked, id=4688, stack(0x0000000017060000,0x0000000017160000)]
  0x00000000154a4800 JavaThread "C2 CompilerThread2" daemon [_thread_in_native, id=5832, stack(0x0000000016bd0000,0x0000000016cd0000)]
=>0x00000000154a3800 JavaThread "C2 CompilerThread1" daemon [_thread_in_native, id=7156, stack(0x0000000016e10000,0x0000000016f10000)]
  0x000000001549d800 JavaThread "C2 CompilerThread0" daemon [_thread_in_native, id=5256, stack(0x0000000016d10000,0x0000000016e10000)]
  0x000000001549b000 JavaThread "Attach Listener" daemon [_thread_blocked, id=8184, stack(0x0000000016a90000,0x0000000016b90000)]
  0x0000000015483800 JavaThread "Signal Dispatcher" daemon [_thread_blocked, id=6588, stack(0x0000000016910000,0x0000000016a10000)]
  0x00000000142a4800 JavaThread "Finalizer" daemon [_thread_blocked, id=6808, stack(0x00000000163d0000,0x00000000164d0000)]
  0x000000001429d000 JavaThread "Reference Handler" daemon [_thread_blocked, id=6992, stack(0x0000000016700000,0x0000000016800000)]
  0x000000000256f800 JavaThread "main" [_thread_blocked, id=8072, stack(0x0000000002700000,0x0000000002800000)]

Other Threads:
  0x0000000015413000 VMThread [stack: 0x0000000016520000,0x0000000016620000] [id=6872]
  0x00000000155e7800 WatcherThread [stack: 0x0000000017310000,0x0000000017410000] [id=6388]

VM state:not at safepoint (normal execution)

VM Mutex/Monitor currently owned by a thread: None

heap address: 0x00000000e0000000, size: 512 MB, Compressed Oops mode: 32-bit
Narrow klass base: 0x0000000000000000, Narrow klass shift: 0
Compressed class space size: 1073741824 Address: 0x000000007fff0000

Heap:
 PSYoungGen      total 150528K, used 58462K [0x00000000f5580000, 0x0000000100000000, 0x0000000100000000)
  eden space 138752K, 33% used [0x00000000f5580000,0x00000000f831a1a8,0x00000000fdd00000)
  from space 11776K, 99% used [0x00000000ff480000,0x00000000ffffd970,0x0000000100000000)
  to   space 17920K, 0% used [0x00000000fdd00000,0x00000000fdd00000,0x00000000fee80000)
 ParOldGen       total 53760K, used 24464K [0x00000000e0000000, 0x00000000e3480000, 0x00000000f5580000)
  object space 53760K, 45% used [0x00000000e0000000,0x00000000e17e4038,0x00000000e3480000)
 Metaspace       used 55766K, capacity 58056K, committed 58240K, reserved 1099776K
  class space    used 7874K, capacity 8317K, committed 8320K, reserved 1048576K

Card table byte_map: [0x0000000002570000,0x0000000002680000] byte_map_base: 0x0000000001e70000

Marking Bits: (ParMarkBitMap*) 0x000000006d9e4ce0
 Begin Bits: [0x00000000128b0000, 0x00000000130b0000)
 End Bits:   [0x00000000130b0000, 0x00000000138b0000)

Polling page: 0x0000000000150000

CodeCache: size=245760Kb used=15119Kb max_used=15175Kb free=230640Kb
 bounds [0x0000000002800000, 0x0000000003700000, 0x0000000011800000]
 total_blobs=4646 nmethods=4112 adapters=446
 compilation: enabled

Compilation events (10 events):
Event: 8.848 Thread 0x00000000154a9800 4709       3       org.springframework.boot.context.properties.bind.Binder$Context::getSources (20 bytes)
Event: 8.848 Thread 0x00000000154a9800 nmethod 4709 0x00000000030f6d50 code [0x00000000030f6ea0, 0x00000000030f7050]
Event: 8.848 Thread 0x00000000154a9800 4708       3       org.springframework.beans.propertyeditors.InputStreamEditor::<init> (16 bytes)
Event: 8.848 Thread 0x00000000154a9800 nmethod 4708 0x0000000002d702d0 code [0x0000000002d70460, 0x0000000002d708e8]
Event: 8.862 Thread 0x00000000154a9800 4710       3       org.springframework.aop.framework.autoproxy.ProxyCreationContext::setCurrentProxiedBeanName (21 bytes)
Event: 8.863 Thread 0x00000000154a9800 nmethod 4710 0x00000000031dd610 code [0x00000000031dd7e0, 0x00000000031de088]
Event: 8.869 Thread 0x00000000154a9800 4712       3       org.springframework.util.ReflectionUtils::findField (119 bytes)
Event: 8.870 Thread 0x00000000154a9800 nmethod 4712 0x000000000351b050 code [0x000000000351b260, 0x000000000351bdc8]
Event: 8.870 Thread 0x00000000154a9800 4711       3       org.springframework.util.ReflectionUtils::findField (7 bytes)
Event: 8.871 Thread 0x00000000154a9800 nmethod 4711 0x0000000002d6ff50 code [0x0000000002d700c0, 0x0000000002d70228]

GC Heap History (10 events):
Event: 3.791 GC heap before
{Heap before GC invocations=8 (full 1):
 PSYoungGen      total 116736K, used 116575K [0x00000000f5580000, 0x00000000fe600000, 0x0000000100000000)
  eden space 109568K, 99% used [0x00000000f5580000,0x00000000fc0773a8,0x00000000fc080000)
  from space 7168K, 98% used [0x00000000fdf00000,0x00000000fe5e0950,0x00000000fe600000)
  to   space 8192K, 0% used [0x00000000fd600000,0x00000000fd600000,0x00000000fde00000)
 ParOldGen       total 53760K, used 6360K [0x00000000e0000000, 0x00000000e3480000, 0x00000000f5580000)
  object space 53760K, 11% used [0x00000000e0000000,0x00000000e06363f8,0x00000000e3480000)
 Metaspace       used 31833K, capacity 32658K, committed 33024K, reserved 1077248K
  class space    used 4503K, capacity 4748K, committed 4864K, reserved 1048576K
Event: 3.801 GC heap after
Heap after GC invocations=8 (full 1):
 PSYoungGen      total 139776K, used 8177K [0x00000000f5580000, 0x0000000100000000, 0x0000000100000000)
  eden space 131584K, 0% used [0x00000000f5580000,0x00000000f5580000,0x00000000fd600000)
  from space 8192K, 99% used [0x00000000fd600000,0x00000000fddfc7f8,0x00000000fde00000)
  to   space 10752K, 0% used [0x00000000ff580000,0x00000000ff580000,0x0000000100000000)
 ParOldGen       total 53760K, used 9864K [0x00000000e0000000, 0x00000000e3480000, 0x00000000f5580000)
  object space 53760K, 18% used [0x00000000e0000000,0x00000000e09a2218,0x00000000e3480000)
 Metaspace       used 31833K, capacity 32658K, committed 33024K, reserved 1077248K
  class space    used 4503K, capacity 4748K, committed 4864K, reserved 1048576K
}
Event: 4.368 GC heap before
{Heap before GC invocations=9 (full 1):
 PSYoungGen      total 139776K, used 72606K [0x00000000f5580000, 0x0000000100000000, 0x0000000100000000)
  eden space 131584K, 48% used [0x00000000f5580000,0x00000000f946b278,0x00000000fd600000)
  from space 8192K, 99% used [0x00000000fd600000,0x00000000fddfc7f8,0x00000000fde00000)
  to   space 10752K, 0% used [0x00000000ff580000,0x00000000ff580000,0x0000000100000000)
 ParOldGen       total 53760K, used 9864K [0x00000000e0000000, 0x00000000e3480000, 0x00000000f5580000)
  object space 53760K, 18% used [0x00000000e0000000,0x00000000e09a2218,0x00000000e3480000)
 Metaspace       used 34278K, capacity 35364K, committed 35496K, reserved 1079296K
  class space    used 4861K, capacity 5105K, committed 5120K, reserved 1048576K
Event: 4.376 GC heap after
Heap after GC invocations=9 (full 1):
 PSYoungGen      total 161792K, used 10004K [0x00000000f5580000, 0x0000000100000000, 0x0000000100000000)
  eden space 151040K, 0% used [0x00000000f5580000,0x00000000f5580000,0x00000000fe900000)
  from space 10752K, 93% used [0x00000000ff580000,0x00000000fff45350,0x0000000100000000)
  to   space 11776K, 0% used [0x00000000fe900000,0x00000000fe900000,0x00000000ff480000)
 ParOldGen       total 53760K, used 9872K [0x00000000e0000000, 0x00000000e3480000, 0x00000000f5580000)
  object space 53760K, 18% used [0x00000000e0000000,0x00000000e09a4218,0x00000000e3480000)
 Metaspace       used 34278K, capacity 35364K, committed 35496K, reserved 1079296K
  class space    used 4861K, capacity 5105K, committed 5120K, reserved 1048576K
}
Event: 4.376 GC heap before
{Heap before GC invocations=10 (full 2):
 PSYoungGen      total 161792K, used 10004K [0x00000000f5580000, 0x0000000100000000, 0x0000000100000000)
  eden space 151040K, 0% used [0x00000000f5580000,0x00000000f5580000,0x00000000fe900000)
  from space 10752K, 93% used [0x00000000ff580000,0x00000000fff45350,0x0000000100000000)
  to   space 11776K, 0% used [0x00000000fe900000,0x00000000fe900000,0x00000000ff480000)
 ParOldGen       total 53760K, used 9872K [0x00000000e0000000, 0x00000000e3480000, 0x00000000f5580000)
  object space 53760K, 18% used [0x00000000e0000000,0x00000000e09a4218,0x00000000e3480000)
 Metaspace       used 34278K, capacity 35364K, committed 35496K, reserved 1079296K
  class space    used 4861K, capacity 5105K, committed 5120K, reserved 1048576K
Event: 4.438 GC heap after
Heap after GC invocations=10 (full 2):
 PSYoungGen      total 161792K, used 0K [0x00000000f5580000, 0x0000000100000000, 0x0000000100000000)
  eden space 151040K, 0% used [0x00000000f5580000,0x00000000f5580000,0x00000000fe900000)
  from space 10752K, 0% used [0x00000000ff580000,0x00000000ff580000,0x0000000100000000)
  to   space 11776K, 0% used [0x00000000fe900000,0x00000000fe900000,0x00000000ff480000)
 ParOldGen       total 53760K, used 14206K [0x00000000e0000000, 0x00000000e3480000, 0x00000000f5580000)
  object space 53760K, 26% used [0x00000000e0000000,0x00000000e0ddf8d0,0x00000000e3480000)
 Metaspace       used 34278K, capacity 35364K, committed 35496K, reserved 1079296K
  class space    used 4861K, capacity 5105K, committed 5120K, reserved 1048576K
}
Event: 6.651 GC heap before
{Heap before GC invocations=11 (full 2):
 PSYoungGen      total 161792K, used 151040K [0x00000000f5580000, 0x0000000100000000, 0x0000000100000000)
  eden space 151040K, 100% used [0x00000000f5580000,0x00000000fe900000,0x00000000fe900000)
  from space 10752K, 0% used [0x00000000ff580000,0x00000000ff580000,0x0000000100000000)
  to   space 11776K, 0% used [0x00000000fe900000,0x00000000fe900000,0x00000000ff480000)
 ParOldGen       total 53760K, used 14206K [0x00000000e0000000, 0x00000000e3480000, 0x00000000f5580000)
  object space 53760K, 26% used [0x00000000e0000000,0x00000000e0ddf8d0,0x00000000e3480000)
 Metaspace       used 46354K, capacity 47758K, committed 47872K, reserved 1089536K
  class space    used 6553K, capacity 6882K, committed 6912K, reserved 1048576K
Event: 6.664 GC heap after
Heap after GC invocations=11 (full 2):
 PSYoungGen      total 162816K, used 11751K [0x00000000f5580000, 0x0000000100000000, 0x0000000100000000)
  eden space 151040K, 0% used [0x00000000f5580000,0x00000000f5580000,0x00000000fe900000)
  from space 11776K, 99% used [0x00000000fe900000,0x00000000ff479d60,0x00000000ff480000)
  to   space 11776K, 0% used [0x00000000ff480000,0x00000000ff480000,0x0000000100000000)
 ParOldGen       total 53760K, used 17561K [0x00000000e0000000, 0x00000000e3480000, 0x00000000f5580000)
  object space 53760K, 32% used [0x00000000e0000000,0x00000000e1126460,0x00000000e3480000)
 Metaspace       used 46354K, capacity 47758K, committed 47872K, reserved 1089536K
  class space    used 6553K, capacity 6882K, committed 6912K, reserved 1048576K
}
Event: 8.450 GC heap before
{Heap before GC invocations=12 (full 2):
 PSYoungGen      total 162816K, used 162791K [0x00000000f5580000, 0x0000000100000000, 0x0000000100000000)
  eden space 151040K, 100% used [0x00000000f5580000,0x00000000fe900000,0x00000000fe900000)
  from space 11776K, 99% used [0x00000000fe900000,0x00000000ff479d60,0x00000000ff480000)
  to   space 11776K, 0% used [0x00000000ff480000,0x00000000ff480000,0x0000000100000000)
 ParOldGen       total 53760K, used 17561K [0x00000000e0000000, 0x00000000e3480000, 0x00000000f5580000)
  object space 53760K, 32% used [0x00000000e0000000,0x00000000e1126460,0x00000000e3480000)
 Metaspace       used 54746K, capacity 56754K, committed 57088K, reserved 1097728K
  class space    used 7710K, capacity 8100K, committed 8192K, reserved 1048576K
Event: 8.490 GC heap after
Heap after GC invocations=12 (full 2):
 PSYoungGen      total 150528K, used 11766K [0x00000000f5580000, 0x0000000100000000, 0x0000000100000000)
  eden space 138752K, 0% used [0x00000000f5580000,0x00000000f5580000,0x00000000fdd00000)
  from space 11776K, 99% used [0x00000000ff480000,0x00000000ffffd970,0x0000000100000000)
  to   space 17920K, 0% used [0x00000000fdd00000,0x00000000fdd00000,0x00000000fee80000)
 ParOldGen       total 53760K, used 24464K [0x00000000e0000000, 0x00000000e3480000, 0x00000000f5580000)
  object space 53760K, 45% used [0x00000000e0000000,0x00000000e17e4038,0x00000000e3480000)
 Metaspace       used 54746K, capacity 56754K, committed 57088K, reserved 1097728K
  class space    used 7710K, capacity 8100K, committed 8192K, reserved 1048576K
}

Deoptimization events (10 events):
Event: 7.298 Thread 0x0000000017fbb800 Uncommon trap: reason=class_check action=maybe_recompile pc=0x000000000349b9c4 method=org.springframework.beans.factory.support.AbstractBeanFactory.isTypeMatch(Ljava/lang/String;Lorg/springframework/core/ResolvableType;)Z @ 47
Event: 7.433 Thread 0x0000000017fbb800 Uncommon trap: reason=unstable_if action=reinterpret pc=0x0000000002faf270 method=org.springframework.util.ConcurrentReferenceHashMap$Segment.restructureIfNecessary(Z)V @ 34
Event: 7.763 Thread 0x0000000017fbb800 Uncommon trap: reason=unstable_if action=reinterpret pc=0x00000000031bad70 method=java.util.WeakHashMap.put(Ljava/lang/Object;Ljava/lang/Object;)Ljava/lang/Object; @ 47
Event: 7.800 Thread 0x0000000017fbb800 Uncommon trap: reason=unstable_if action=reinterpret pc=0x000000000294adcc method=org.springframework.beans.factory.support.AbstractBeanFactory.isTypeMatch(Ljava/lang/String;Lorg/springframework/core/ResolvableType;)Z @ 508
Event: 7.919 Thread 0x0000000017fbb800 Uncommon trap: reason=null_check action=make_not_entrant pc=0x00000000031630a0 method=org.springframework.core.annotation.AnnotatedElementUtils.searchWithFindSemantics(Ljava/lang/reflect/AnnotatedElement;Ljava/util/Set;Ljava/lang/String;Ljava/lang/Class;L
Event: 8.252 Thread 0x0000000017fbb800 Uncommon trap: reason=null_check action=make_not_entrant pc=0x000000000366d238 method=org.springframework.core.annotation.AnnotatedElementUtils.searchWithGetSemanticsInAnnotations(Ljava/lang/reflect/AnnotatedElement;Ljava/util/List;Ljava/util/Set;Ljava/la
Event: 8.550 Thread 0x0000000017fbb800 Uncommon trap: reason=class_check action=maybe_recompile pc=0x00000000034e4380 method=java.lang.reflect.Method.equals(Ljava/lang/Object;)Z @ 5
Event: 8.550 Thread 0x0000000017fbb800 Uncommon trap: reason=class_check action=maybe_recompile pc=0x00000000034e4380 method=java.lang.reflect.Method.equals(Ljava/lang/Object;)Z @ 5
Event: 8.703 Thread 0x0000000017fbb800 Uncommon trap: reason=unstable_if action=reinterpret pc=0x0000000002f4dd4c method=java.io.WinNTFileSystem.isLetter(C)Z @ 3
Event: 8.883 Thread 0x0000000017fbb800 Uncommon trap: reason=unstable_if action=reinterpret pc=0x00000000035ac718 method=java.util.Properties$LineReader.readLine()I @ 180

Classes redefined (0 events):
No events

Internal exceptions (10 events):
Event: 8.861 Thread 0x0000000017fbb800 Exception <a 'java/lang/ClassNotFoundException': org/springframework/beans/factory/BeanFactoryAwareCustomizer> (0x00000000f7e00650) thrown at [C:\re\workspace\8-2-build-windows-amd64-cygwin\jdk8u201\12322\hotspot\src\share\vm\classfile\systemDictionary.cp
Event: 8.861 Thread 0x0000000017fbb800 Exception <a 'java/lang/ClassNotFoundException': org/springframework/beans/factory/AwareCustomizer> (0x00000000f7e1c430) thrown at [C:\re\workspace\8-2-build-windows-amd64-cygwin\jdk8u201\12322\hotspot\src\share\vm\classfile\systemDictionary.cpp, line 210
Event: 8.865 Thread 0x0000000017fbb800 Exception <a 'java/lang/ClassNotFoundException': java/lang/ObjectCustomizer> (0x00000000f7e53a68) thrown at [C:\re\workspace\8-2-build-windows-amd64-cygwin\jdk8u201\12322\hotspot\src\share\vm\classfile\systemDictionary.cpp, line 210]
Event: 8.866 Thread 0x0000000017fbb800 Exception <a 'java/lang/ClassNotFoundException': org/springframework/boot/autoconfigure/web/servlet/DispatcherServletAutoConfiguration$DispatcherServletConfigurationCustomizer> (0x00000000f7e8aa20) thrown at [C:\re\workspace\8-2-build-windows-amd64-cygwin
Event: 8.867 Thread 0x0000000017fbb800 Exception <a 'java/lang/ClassNotFoundException': org/springframework/boot/autoconfigure/web/servlet/DispatcherServletAutoConfiguration$DispatcherServletConfiguration$$EnhancerBySpringCGLIB$$31942a91Customizer> (0x00000000f7eccfd8) thrown at [C:\re\workspa
Event: 8.868 Thread 0x0000000017fbb800 Exception <a 'java/lang/ClassNotFoundException': org/springframework/context/annotation/ConfigurationClassEnhancer$EnhancedConfigurationCustomizer> (0x00000000f7f00600) thrown at [C:\re\workspace\8-2-build-windows-amd64-cygwin\jdk8u201\12322\hotspot\src\s
Event: 8.869 Thread 0x0000000017fbb800 Exception <a 'java/lang/ClassNotFoundException': org/springframework/beans/factory/BeanFactoryAwareCustomizer> (0x00000000f7f1edf8) thrown at [C:\re\workspace\8-2-build-windows-amd64-cygwin\jdk8u201\12322\hotspot\src\share\vm\classfile\systemDictionary.cp
Event: 8.869 Thread 0x0000000017fbb800 Exception <a 'java/lang/ClassNotFoundException': org/springframework/beans/factory/AwareCustomizer> (0x00000000f7f3adc0) thrown at [C:\re\workspace\8-2-build-windows-amd64-cygwin\jdk8u201\12322\hotspot\src\share\vm\classfile\systemDictionary.cpp, line 210
Event: 8.887 Thread 0x0000000017fbb800 Exception <a 'java/lang/ClassNotFoundException': java/lang/ObjectCustomizer> (0x00000000f80b0d98) thrown at [C:\re\workspace\8-2-build-windows-amd64-cygwin\jdk8u201\12322\hotspot\src\share\vm\classfile\systemDictionary.cpp, line 210]
Event: 8.888 Thread 0x0000000017fbb800 Exception <a 'java/lang/ClassNotFoundException': javax/servlet/GenericServletCustomizer> (0x00000000f80cb970) thrown at [C:\re\workspace\8-2-build-windows-amd64-cygwin\jdk8u201\12322\hotspot\src\share\vm\classfile\systemDictionary.cpp, line 210]

Events (10 events):
Event: 8.887 loading class java/lang/ObjectCustomizer
Event: 8.887 loading class java/lang/ObjectCustomizer done
Event: 8.887 loading class java/lang/ObjectCustomizer
Event: 8.887 loading class java/lang/ObjectCustomizer done
Event: 8.887 loading class javax/servlet/GenericServletCustomizer
Event: 8.887 loading class javax/servlet/GenericServletCustomizer done
Event: 8.888 loading class javax/servlet/GenericServletCustomizer
Event: 8.888 loading class javax/servlet/GenericServletCustomizer done
Event: 8.888 loading class javax/servlet/GenericServletCustomizer
Event: 8.888 loading class javax/servlet/GenericServletCustomizer done


Dynamic libraries:
0x000000013fb60000 - 0x000000013fb97000 	C:\Program Files\Java\jdk1.8.0_201\bin\java.exe
0x0000000077ca0000 - 0x0000000077e49000 	C:\Windows\SYSTEM32\ntdll.dll
0x000007feef110000 - 0x000007feef122000 	C:\Program Files\AVAST Software\Avast\aswhook.dll
0x0000000077a80000 - 0x0000000077b9f000 	C:\Windows\system32\kernel32.dll
0x000007fefdca0000 - 0x000007fefdd0b000 	C:\Windows\system32\KERNELBASE.dll
0x000007feffb70000 - 0x000007feffc4b000 	C:\Windows\system32\ADVAPI32.dll
0x000007feff750000 - 0x000007feff7ef000 	C:\Windows\system32\msvcrt.dll
0x000007fefe2c0000 - 0x000007fefe2df000 	C:\Windows\SYSTEM32\sechost.dll
0x000007feffa30000 - 0x000007feffb5d000 	C:\Windows\system32\RPCRT4.dll
0x0000000077ba0000 - 0x0000000077c9a000 	C:\Windows\system32\USER32.dll
0x000007fefe250000 - 0x000007fefe2b7000 	C:\Windows\system32\GDI32.dll
0x000007feff890000 - 0x000007feff89e000 	C:\Windows\system32\LPK.dll
0x000007feffc50000 - 0x000007feffd19000 	C:\Windows\system32\USP10.dll
0x000007fefc640000 - 0x000007fefc834000 	C:\Windows\WinSxS\amd64_microsoft.windows.common-controls_6595b64144ccf1df_6.0.7601.17514_none_fa396087175ac9ac\COMCTL32.dll
0x000007fefff30000 - 0x000007fefffa1000 	C:\Windows\system32\SHLWAPI.dll
0x000007fefff00000 - 0x000007fefff2e000 	C:\Windows\system32\IMM32.DLL
0x000007feff090000 - 0x000007feff199000 	C:\Windows\system32\MSCTF.dll
0x000007fefdbc0000 - 0x000007fefdbf0000 	C:\Windows\system32\nvinitx.dll
0x000007fefdbb0000 - 0x000007fefdbbc000 	C:\Windows\system32\VERSION.dll
0x0000000073f40000 - 0x0000000073f46000 	C:\Program Files\NVIDIA Corporation\CoProcManager\detoured.dll
0x000007fef7270000 - 0x000007fef72a8000 	C:\Program Files\NVIDIA Corporation\CoProcManager\nvd3d9wrapx.dll
0x000007feffd20000 - 0x000007feffef7000 	C:\Windows\system32\SETUPAPI.dll
0x000007fefdf80000 - 0x000007fefdfb6000 	C:\Windows\system32\CFGMGR32.dll
0x000007feff8f0000 - 0x000007feff9c7000 	C:\Windows\system32\OLEAUT32.dll
0x000007fefe040000 - 0x000007fefe243000 	C:\Windows\system32\ole32.dll
0x000007fefdf60000 - 0x000007fefdf7a000 	C:\Windows\system32\DEVOBJ.dll
0x000007fef7240000 - 0x000007fef7264000 	C:\Program Files\NVIDIA Corporation\CoProcManager\nvdxgiwrapx.dll
0x0000000071a90000 - 0x0000000071b61000 	C:\Program Files\Java\jdk1.8.0_201\jre\bin\msvcr100.dll
0x000000006d1c0000 - 0x000000006da64000 	C:\Program Files\Java\jdk1.8.0_201\jre\bin\server\jvm.dll
0x000007fefab60000 - 0x000007fefab69000 	C:\Windows\system32\WSOCK32.dll
0x000007feff8a0000 - 0x000007feff8ed000 	C:\Windows\system32\WS2_32.dll
0x000007feffb60000 - 0x000007feffb68000 	C:\Windows\system32\NSI.dll
0x000007fef9790000 - 0x000007fef97cb000 	C:\Windows\system32\WINMM.dll
0x0000000077e70000 - 0x0000000077e77000 	C:\Windows\system32\PSAPI.DLL
0x000007fef5080000 - 0x000007fef508f000 	C:\Program Files\Java\jdk1.8.0_201\jre\bin\verify.dll
0x000007fef2cb0000 - 0x000007fef2cd9000 	C:\Program Files\Java\jdk1.8.0_201\jre\bin\java.dll
0x000007fef3370000 - 0x000007fef3386000 	C:\Program Files\Java\jdk1.8.0_201\jre\bin\zip.dll
0x000007fefe2e0000 - 0x000007feff068000 	C:\Windows\system32\SHELL32.dll
0x000007fefdbf0000 - 0x000007fefdbff000 	C:\Windows\system32\profapi.dll
0x000007fef3f30000 - 0x000007fef3f4a000 	C:\Program Files\Java\jdk1.8.0_201\jre\bin\net.dll
0x000007feff1a0000 - 0x000007feff318000 	C:\Windows\system32\urlmon.dll
0x000007feff320000 - 0x000007feff44a000 	C:\Windows\system32\WININET.dll
0x000007feff4f0000 - 0x000007feff749000 	C:\Windows\system32\iertutil.dll
0x000007fefdd10000 - 0x000007fefde7d000 	C:\Windows\system32\CRYPT32.dll
0x00000000001c0000 - 0x00000000001cf000 	C:\Windows\system32\MSASN1.dll
0x000007fefd420000 - 0x000007fefd475000 	C:\Windows\system32\mswsock.dll
0x000007fefd410000 - 0x000007fefd417000 	C:\Windows\System32\wship6.dll
0x000007fef2670000 - 0x000007fef2681000 	C:\Program Files\Java\jdk1.8.0_201\jre\bin\nio.dll
0x000007fefd480000 - 0x000007fefd498000 	C:\Windows\system32\CRYPTSP.dll
0x000007fefd140000 - 0x000007fefd187000 	C:\Windows\system32\rsaenh.dll
0x000007fefcea0000 - 0x000007fefcebe000 	C:\Windows\system32\USERENV.dll
0x000007fefdae0000 - 0x000007fefdaef000 	C:\Windows\system32\CRYPTBASE.dll
0x000007fefb5d0000 - 0x000007fefb5f7000 	C:\Windows\system32\IPHLPAPI.DLL
0x000007fefb5b0000 - 0x000007fefb5bb000 	C:\Windows\system32\WINNSI.DLL
0x000007fefb430000 - 0x000007fefb448000 	C:\Windows\system32\dhcpcsvc.DLL
0x000007fefaf20000 - 0x000007fefaf31000 	C:\Windows\system32\dhcpcsvc6.DLL
0x000007fef3230000 - 0x000007fef323d000 	C:\Program Files\Java\jdk1.8.0_201\jre\bin\management.dll
0x000007fefba90000 - 0x000007fefbaa5000 	C:\Windows\system32\NLAapi.dll
0x000007fef2fd0000 - 0x000007fef2fe5000 	C:\Windows\system32\napinsp.dll
0x000007fef2fb0000 - 0x000007fef2fc9000 	C:\Windows\system32\pnrpnsp.dll
0x000007fefd260000 - 0x000007fefd2bb000 	C:\Windows\system32\DNSAPI.dll
0x000007fef2f90000 - 0x000007fef2f9b000 	C:\Windows\System32\winrnr.dll
0x000007fef2f60000 - 0x000007fef2f8f000 	C:\Program Files\Common Files\Microsoft Shared\Windows Live\WLIDNSP.DLL
0x000007fef2f50000 - 0x000007fef2f60000 	C:\Windows\system32\wshbth.dll
0x000007fefcd90000 - 0x000007fefcd97000 	C:\Windows\System32\wshtcpip.dll
0x000007fefbeb0000 - 0x000007fefbeb8000 	C:\Windows\system32\rasadhlp.dll
0x000007fefb260000 - 0x000007fefb2b3000 	C:\Windows\System32\fwpuclnt.dll

VM Arguments:
jvm_args: -Djava.security.manager=worker.org.gradle.process.internal.worker.child.BootstrapSecurityManager -Dorg.gradle.native=false -Xmx512m -Dfile.encoding=windows-1250 -Duser.country=US -Duser.language=en -Duser.variant -ea 
java_command: worker.org.gradle.process.internal.worker.GradleWorkerMain 'Gradle Test Executor 1'
java_class_path (initial): C:\Users\ganzes\.gradle\caches\5.4.1\workerMain\gradle-worker.jar
Launcher Type: SUN_STANDARD

Environment Variables:
JAVA_HOME=C:\Program Files\Java\jdk1.8.0_201\
CLASSPATH=C:\Development\Projects\tasks\\gradle\wrapper\gradle-wrapper.jar
PATH=C:\Program Files\Java\jdk1.8.0_201\bin;C:\Program Files\Common Files\Microsoft Shared\Windows Live;C:\Program Files (x86)\Common Files\Microsoft Shared\Windows Live;C:\ProgramData\Oracle\Java\javapath;C:\Windows\system32;C:\Windows;C:\Windows\System32\Wbem;C:\Windows\System32\WindowsPowerShell\v1.0\;C:\Program Files (x86)\Intel\OpenCL SDK\2.0\bin\x86;C:\Program Files (x86)\Intel\OpenCL SDK\2.0\bin\x64;C:\Program Files\Intel\WiFi\bin\;C:\Program Files\Common Files\Intel\WirelessCommon\;C:\Program Files (x86)\NVIDIA Corporation\PhysX\Common;C:\Program Files (x86)\Windows Live\Shared;C:\Program Files\Git\cmd;C:\Program Files\Git\mingw64\bin;C:\Program Files\Git\usr\bin;C:\Program Files\MySQL\MySQL Shell 8.0\bin\;C:\Program Files\heroku\bin
USERNAME=ganzes
OS=Windows_NT
PROCESSOR_IDENTIFIER=Intel64 Family 6 Model 58 Stepping 9, GenuineIntel



---------------  S Y S T E M  ---------------

OS: Windows 7 , 64 bit Build 7601 (6.1.7601.18015)

CPU:total 8 (initial active 8) (4 cores per cpu, 2 threads per core) family 6 model 58 stepping 9, cmov, cx8, fxsr, mmx, sse, sse2, sse3, ssse3, sse4.1, sse4.2, popcnt, avx, aes, clmul, erms, ht, tsc, tscinvbit, tscinv

Memory: 4k page, physical 8283084k(282852k free), swap 9518232k(5128k free)

vm_info: Java HotSpot(TM) 64-Bit Server VM (25.201-b09) for windows-amd64 JRE (1.8.0_201-b09), built on Dec 15 2018 18:36:39 by "java_re" with MS VC++ 10.0 (VS2010)

time: Fri Aug 30 03:05:10 2019
timezone: Central European Daylight Time
elapsed time: 8 seconds (0d 0h 0m 8s)

